{"C:\\Users\\Daini\\Quoridor-API\\quoridor-api\\src\\BoardService\\boardService.ts": {"path":"C:\\Users\\Daini\\Quoridor-API\\quoridor-api\\src\\BoardService\\boardService.ts","statementMap":{"0":{"start":{"line":2,"column":0},"end":{"line":2,"column":47}},"1":{"start":{"line":4,"column":0},"end":{"line":4,"column":44}},"2":{"start":{"line":5,"column":0},"end":{"line":5,"column":60}},"3":{"start":{"line":6,"column":0},"end":{"line":6,"column":94}},"4":{"start":{"line":7,"column":0},"end":{"line":7,"column":37}},"5":{"start":{"line":8,"column":0},"end":{"line":8,"column":50}},"6":{"start":{"line":11,"column":7},"end":{"line":117,"column":null}},"7":{"start":{"line":12,"column":50},"end":{"line":12,"column":64}},"8":{"start":{"line":15,"column":4},"end":{"line":26,"column":5}},"9":{"start":{"line":16,"column":19},"end":{"line":16,"column":47}},"10":{"start":{"line":17,"column":21},"end":{"line":17,"column":43}},"11":{"start":{"line":18,"column":34},"end":{"line":18,"column":52}},"12":{"start":{"line":19,"column":21},"end":{"line":19,"column":114}},"13":{"start":{"line":20,"column":6},"end":{"line":20,"column":29}},"14":{"start":{"line":22,"column":24},"end":{"line":22,"column":109}},"15":{"start":{"line":23,"column":6},"end":{"line":23,"column":34}},"16":{"start":{"line":25,"column":6},"end":{"line":25,"column":39}},"17":{"start":{"line":28,"column":4},"end":{"line":33,"column":5}},"18":{"start":{"line":29,"column":19},"end":{"line":29,"column":47}},"19":{"start":{"line":30,"column":20},"end":{"line":30,"column":30}},"20":{"start":{"line":31,"column":18},"end":{"line":31,"column":38}},"21":{"start":{"line":32,"column":6},"end":{"line":32,"column":58}},"22":{"start":{"line":37,"column":59},"end":{"line":37,"column":61}},"23":{"start":{"line":38,"column":63},"end":{"line":38,"column":65}},"24":{"start":{"line":40,"column":27},"end":{"line":43,"column":null}},"25":{"start":{"line":46,"column":4},"end":{"line":46,"column":39}},"26":{"start":{"line":47,"column":4},"end":{"line":47,"column":38}},"27":{"start":{"line":48,"column":4},"end":{"line":48,"column":35}},"28":{"start":{"line":50,"column":4},"end":{"line":74,"column":5}},"29":{"start":{"line":51,"column":24},"end":{"line":54,"column":null}},"30":{"start":{"line":56,"column":6},"end":{"line":56,"column":37}},"31":{"start":{"line":59,"column":6},"end":{"line":66,"column":7}},"32":{"start":{"line":60,"column":28},"end":{"line":63,"column":null}},"33":{"start":{"line":65,"column":8},"end":{"line":65,"column":45}},"34":{"start":{"line":68,"column":28},"end":{"line":71,"column":null}},"35":{"start":{"line":73,"column":6},"end":{"line":73,"column":45}},"36":{"start":{"line":76,"column":4},"end":{"line":100,"column":5}},"37":{"start":{"line":77,"column":29},"end":{"line":80,"column":null}},"38":{"start":{"line":82,"column":6},"end":{"line":82,"column":42}},"39":{"start":{"line":85,"column":6},"end":{"line":92,"column":7}},"40":{"start":{"line":86,"column":32},"end":{"line":89,"column":null}},"41":{"start":{"line":91,"column":8},"end":{"line":91,"column":49}},"42":{"start":{"line":94,"column":32},"end":{"line":97,"column":null}},"43":{"start":{"line":99,"column":6},"end":{"line":99,"column":49}},"44":{"start":{"line":102,"column":4},"end":{"line":105,"column":5}},"45":{"start":{"line":103,"column":6},"end":{"line":103,"column":32}},"46":{"start":{"line":104,"column":6},"end":{"line":104,"column":33}},"47":{"start":{"line":107,"column":4},"end":{"line":109,"column":5}},"48":{"start":{"line":108,"column":6},"end":{"line":108,"column":33}},"49":{"start":{"line":113,"column":17},"end":{"line":113,"column":50}},"50":{"start":{"line":114,"column":21},"end":{"line":114,"column":34}},"51":{"start":{"line":115,"column":4},"end":{"line":115,"column":47}},"52":{"start":{"line":11,"column":13},"end":{"line":11,"column":25}},"53":{"start":{"line":11,"column":13},"end":{"line":117,"column":null}}},"fnMap":{"0":{"name":"(anonymous_4)","decl":{"start":{"line":12,"column":2},"end":{"line":12,"column":15}},"loc":{"start":{"line":12,"column":76},"end":{"line":12,"column":80}}},"1":{"name":"(anonymous_5)","decl":{"start":{"line":14,"column":2},"end":{"line":14,"column":11}},"loc":{"start":{"line":14,"column":47},"end":{"line":34,"column":3}}},"2":{"name":"(anonymous_6)","decl":{"start":{"line":36,"column":2},"end":{"line":36,"column":18}},"loc":{"start":{"line":36,"column":76},"end":{"line":110,"column":3}}},"3":{"name":"(anonymous_7)","decl":{"start":{"line":112,"column":2},"end":{"line":112,"column":17}},"loc":{"start":{"line":112,"column":32},"end":{"line":116,"column":3}}}},"branchMap":{"0":{"loc":{"start":{"line":15,"column":4},"end":{"line":26,"column":5}},"type":"if","locations":[{"start":{"line":15,"column":4},"end":{"line":26,"column":5}}]},"1":{"loc":{"start":{"line":28,"column":4},"end":{"line":33,"column":5}},"type":"if","locations":[{"start":{"line":28,"column":4},"end":{"line":33,"column":5}}]},"2":{"loc":{"start":{"line":50,"column":4},"end":{"line":74,"column":5}},"type":"if","locations":[{"start":{"line":50,"column":4},"end":{"line":74,"column":5}}]},"3":{"loc":{"start":{"line":59,"column":6},"end":{"line":66,"column":7}},"type":"if","locations":[{"start":{"line":59,"column":6},"end":{"line":66,"column":7}}]},"4":{"loc":{"start":{"line":76,"column":4},"end":{"line":100,"column":5}},"type":"if","locations":[{"start":{"line":76,"column":4},"end":{"line":100,"column":5}}]},"5":{"loc":{"start":{"line":85,"column":6},"end":{"line":92,"column":7}},"type":"if","locations":[{"start":{"line":85,"column":6},"end":{"line":92,"column":7}}]}},"s":{"0":2,"1":2,"2":2,"3":2,"4":2,"5":2,"6":2,"7":4,"8":4,"9":3,"10":3,"11":3,"12":3,"13":3,"14":3,"15":3,"16":1,"17":2,"18":1,"19":1,"20":1,"21":1,"22":1,"23":1,"24":1,"25":1,"26":1,"27":1,"28":1,"29":0,"30":0,"31":0,"32":0,"33":0,"34":0,"35":0,"36":1,"37":1,"38":1,"39":1,"40":1,"41":1,"42":1,"43":1,"44":1,"45":1,"46":1,"47":1,"48":2,"49":4,"50":4,"51":4,"52":2,"53":2},"f":{"0":4,"1":4,"2":1,"3":4},"b":{"0":[3],"1":[1],"2":[0],"3":[0],"4":[1],"5":[1]}}
,"C:\\Users\\Daini\\Quoridor-API\\quoridor-api\\src\\BoardService\\helper.ts": {"path":"C:\\Users\\Daini\\Quoridor-API\\quoridor-api\\src\\BoardService\\helper.ts","statementMap":{"0":{"start":{"line":1,"column":0},"end":{"line":1,"column":23}},"1":{"start":{"line":2,"column":0},"end":{"line":2,"column":110}},"2":{"start":{"line":3,"column":0},"end":{"line":3,"column":56}},"3":{"start":{"line":5,"column":30},"end":{"line":12,"column":1}},"4":{"start":{"line":6,"column":16},"end":{"line":6,"column":53}},"5":{"start":{"line":7,"column":16},"end":{"line":10,"column":8}},"6":{"start":{"line":8,"column":4},"end":{"line":8,"column":109}},"7":{"start":{"line":9,"column":4},"end":{"line":9,"column":15}},"8":{"start":{"line":11,"column":2},"end":{"line":11,"column":15}},"9":{"start":{"line":5,"column":13},"end":{"line":5,"column":30}},"10":{"start":{"line":14,"column":18},"end":{"line":41,"column":1}},"11":{"start":{"line":15,"column":16},"end":{"line":15,"column":53}},"12":{"start":{"line":16,"column":36},"end":{"line":39,"column":4}},"13":{"start":{"line":21,"column":12},"end":{"line":28,"column":18}},"14":{"start":{"line":31,"column":35},"end":{"line":31,"column":58}},"15":{"start":{"line":32,"column":12},"end":{"line":37,"column":14}},"16":{"start":{"line":40,"column":2},"end":{"line":40,"column":13}},"17":{"start":{"line":43,"column":38},"end":{"line":56,"column":1}},"18":{"start":{"line":48,"column":17},"end":{"line":48,"column":87}},"19":{"start":{"line":50,"column":2},"end":{"line":53,"column":3}},"20":{"start":{"line":51,"column":4},"end":{"line":51,"column":50}},"21":{"start":{"line":52,"column":4},"end":{"line":52,"column":16}},"22":{"start":{"line":55,"column":2},"end":{"line":55,"column":71}},"23":{"start":{"line":43,"column":13},"end":{"line":43,"column":38}},"24":{"start":{"line":58,"column":27},"end":{"line":63,"column":1}},"25":{"start":{"line":59,"column":28},"end":{"line":59,"column":83}},"26":{"start":{"line":60,"column":27},"end":{"line":60,"column":91}},"27":{"start":{"line":60,"column":78},"end":{"line":60,"column":90}},"28":{"start":{"line":62,"column":2},"end":{"line":62,"column":47}},"29":{"start":{"line":58,"column":13},"end":{"line":58,"column":27}},"30":{"start":{"line":65,"column":36},"end":{"line":76,"column":1}},"31":{"start":{"line":66,"column":2},"end":{"line":74,"column":3}},"32":{"start":{"line":67,"column":16},"end":{"line":67,"column":37}},"33":{"start":{"line":68,"column":4},"end":{"line":73,"column":5}},"34":{"start":{"line":69,"column":21},"end":{"line":69,"column":51}},"35":{"start":{"line":70,"column":6},"end":{"line":72,"column":7}},"36":{"start":{"line":71,"column":8},"end":{"line":71,"column":59}},"37":{"start":{"line":75,"column":2},"end":{"line":75,"column":14}},"38":{"start":{"line":65,"column":13},"end":{"line":65,"column":36}}},"fnMap":{"0":{"name":"(anonymous_1)","decl":{"start":{"line":5,"column":30},"end":{"line":5,"column":40}},"loc":{"start":{"line":5,"column":42},"end":{"line":12,"column":1}}},"1":{"name":"(anonymous_2)","decl":{"start":{"line":7,"column":29},"end":{"line":7,"column":30}},"loc":{"start":{"line":7,"column":51},"end":{"line":10,"column":3}}},"2":{"name":"(anonymous_3)","decl":{"start":{"line":14,"column":18},"end":{"line":14,"column":19}},"loc":{"start":{"line":14,"column":78},"end":{"line":41,"column":1}}},"3":{"name":"(anonymous_4)","decl":{"start":{"line":20,"column":20},"end":{"line":20,"column":21}},"loc":{"start":{"line":20,"column":30},"end":{"line":29,"column":11}}},"4":{"name":"(anonymous_5)","decl":{"start":{"line":30,"column":20},"end":{"line":30,"column":21}},"loc":{"start":{"line":30,"column":30},"end":{"line":38,"column":11}}},"5":{"name":"(anonymous_6)","decl":{"start":{"line":43,"column":38},"end":{"line":43,"column":null}},"loc":{"start":{"line":47,"column":20},"end":{"line":56,"column":1}}},"6":{"name":"(anonymous_7)","decl":{"start":{"line":58,"column":27},"end":{"line":58,"column":28}},"loc":{"start":{"line":58,"column":51},"end":{"line":63,"column":1}}},"7":{"name":"(anonymous_8)","decl":{"start":{"line":60,"column":66},"end":{"line":60,"column":67}},"loc":{"start":{"line":60,"column":78},"end":{"line":60,"column":90}}},"8":{"name":"(anonymous_9)","decl":{"start":{"line":65,"column":36},"end":{"line":65,"column":37}},"loc":{"start":{"line":65,"column":91},"end":{"line":76,"column":1}}}},"branchMap":{"0":{"loc":{"start":{"line":8,"column":17},"end":{"line":8,"column":108}},"type":"cond-expr","locations":[{"start":{"line":8,"column":35},"end":{"line":8,"column":73}},{"start":{"line":8,"column":76},"end":{"line":8,"column":108}}]},"1":{"loc":{"start":{"line":19,"column":6},"end":{"line":38,"column":12}},"type":"cond-expr","locations":[{"start":{"line":20,"column":10},"end":{"line":29,"column":12}},{"start":{"line":30,"column":10},"end":{"line":38,"column":12}}]},"2":{"loc":{"start":{"line":21,"column":19},"end":{"line":28,"column":18}},"type":"cond-expr","locations":[{"start":{"line":22,"column":16},"end":{"line":22,"column":63}},{"start":{"line":23,"column":16},"end":{"line":28,"column":18}}]},"3":{"loc":{"start":{"line":35,"column":27},"end":{"line":35,"column":60}},"type":"binary-expr","locations":[{"start":{"line":35,"column":27},"end":{"line":35,"column":42}},{"start":{"line":35,"column":46},"end":{"line":35,"column":60}}]},"4":{"loc":{"start":{"line":48,"column":17},"end":{"line":48,"column":87}},"type":"binary-expr","locations":[{"start":{"line":48,"column":17},"end":{"line":48,"column":61}},{"start":{"line":48,"column":66},"end":{"line":48,"column":87}}]},"5":{"loc":{"start":{"line":48,"column":17},"end":{"line":48,"column":61}},"type":"cond-expr","locations":[{"start":{"line":48,"column":37},"end":{"line":48,"column":39}},{"start":{"line":48,"column":37},"end":{"line":48,"column":61}}]},"6":{"loc":{"start":{"line":48,"column":17},"end":{"line":48,"column":39}},"type":"binary-expr","locations":[{"start":{"line":48,"column":17},"end":{"line":48,"column":39}},{"start":{"line":48,"column":37},"end":{"line":48,"column":39}}]},"7":{"loc":{"start":{"line":50,"column":2},"end":{"line":53,"column":3}},"type":"if","locations":[{"start":{"line":50,"column":2},"end":{"line":53,"column":3}}]},"8":{"loc":{"start":{"line":62,"column":9},"end":{"line":62,"column":46}},"type":"binary-expr","locations":[{"start":{"line":62,"column":9},"end":{"line":62,"column":26}},{"start":{"line":62,"column":30},"end":{"line":62,"column":46}}]},"9":{"loc":{"start":{"line":70,"column":6},"end":{"line":72,"column":7}},"type":"if","locations":[{"start":{"line":70,"column":6},"end":{"line":72,"column":7}}]},"10":{"loc":{"start":{"line":70,"column":10},"end":{"line":70,"column":76}},"type":"binary-expr","locations":[{"start":{"line":70,"column":10},"end":{"line":70,"column":43}},{"start":{"line":70,"column":47},"end":{"line":70,"column":76}}]},"11":{"loc":{"start":{"line":70,"column":47},"end":{"line":70,"column":63}},"type":"cond-expr","locations":[{"start":{"line":70,"column":53},"end":{"line":70,"column":55}},{"start":{"line":70,"column":47},"end":{"line":70,"column":63}}]},"12":{"loc":{"start":{"line":70,"column":47},"end":{"line":70,"column":55}},"type":"binary-expr","locations":[{"start":{"line":70,"column":47},"end":{"line":70,"column":55}},{"start":{"line":70,"column":47},"end":{"line":70,"column":55}}]}},"s":{"0":3,"1":3,"2":3,"3":3,"4":1,"5":1,"6":17,"7":17,"8":1,"9":3,"10":3,"11":17,"12":17,"13":153,"14":136,"15":136,"16":17,"17":3,"18":202,"19":202,"20":2,"21":2,"22":200,"23":3,"24":3,"25":0,"26":0,"27":0,"28":0,"29":3,"30":3,"31":26,"32":198,"33":198,"34":3158,"35":3158,"36":26,"37":0,"38":3},"f":{"0":1,"1":17,"2":17,"3":153,"4":136,"5":202,"6":0,"7":0,"8":26},"b":{"0":[9,8],"1":[9,8],"2":[81,72],"3":[136,72],"4":[202,1],"5":[1,201],"6":[202,202],"7":[2],"8":[0,0],"9":[26],"10":[3158,904],"11":[0,904],"12":[904,904]}}
,"C:\\Users\\Daini\\Quoridor-API\\quoridor-api\\src\\BoardService\\types.ts": {"path":"C:\\Users\\Daini\\Quoridor-API\\quoridor-api\\src\\BoardService\\types.ts","statementMap":{"0":{"start":{"line":5,"column":13},"end":{"line":5,"column":70}},"1":{"start":{"line":6,"column":13},"end":{"line":6,"column":69}},"2":{"start":{"line":8,"column":13},"end":{"line":8,"column":34}},"3":{"start":{"line":12,"column":13},"end":{"line":12,"column":30}}},"fnMap":{},"branchMap":{},"s":{"0":3,"1":3,"2":3,"3":3},"f":{},"b":{}}
,"C:\\Users\\Daini\\Quoridor-API\\quoridor-api\\src\\PlayerMoveCalculator\\helper.ts": {"path":"C:\\Users\\Daini\\Quoridor-API\\quoridor-api\\src\\PlayerMoveCalculator\\helper.ts","statementMap":{"0":{"start":{"line":1,"column":38},"end":{"line":5,"column":1}},"1":{"start":{"line":2,"column":21},"end":{"line":2,"column":56}},"2":{"start":{"line":3,"column":2},"end":{"line":3,"column":48}},"3":{"start":{"line":3,"column":24},"end":{"line":3,"column":48}},"4":{"start":{"line":4,"column":2},"end":{"line":4,"column":73}},"5":{"start":{"line":1,"column":13},"end":{"line":1,"column":38}}},"fnMap":{"0":{"name":"(anonymous_0)","decl":{"start":{"line":1,"column":38},"end":{"line":1,"column":39}},"loc":{"start":{"line":1,"column":117},"end":{"line":5,"column":1}}}},"branchMap":{"0":{"loc":{"start":{"line":3,"column":2},"end":{"line":3,"column":48}},"type":"if","locations":[{"start":{"line":3,"column":2},"end":{"line":3,"column":48}}]}},"s":{"0":2,"1":144,"2":144,"3":48,"4":96,"5":2},"f":{"0":144},"b":{"0":[48]}}
,"C:\\Users\\Daini\\Quoridor-API\\quoridor-api\\src\\PlayerMoveCalculator\\playerMoveCalculator.ts": {"path":"C:\\Users\\Daini\\Quoridor-API\\quoridor-api\\src\\PlayerMoveCalculator\\playerMoveCalculator.ts","statementMap":{"0":{"start":{"line":1,"column":0},"end":{"line":1,"column":39}},"1":{"start":{"line":2,"column":0},"end":{"line":2,"column":71}},"2":{"start":{"line":3,"column":0},"end":{"line":3,"column":41}},"3":{"start":{"line":4,"column":0},"end":{"line":4,"column":64}},"4":{"start":{"line":5,"column":0},"end":{"line":5,"column":50}},"5":{"start":{"line":8,"column":7},"end":{"line":220,"column":null}},"6":{"start":{"line":12,"column":17},"end":{"line":12,"column":35}},"7":{"start":{"line":13,"column":4},"end":{"line":20,"column":7}},"8":{"start":{"line":14,"column":18},"end":{"line":14,"column":39}},"9":{"start":{"line":15,"column":6},"end":{"line":19,"column":9}},"10":{"start":{"line":16,"column":8},"end":{"line":18,"column":9}},"11":{"start":{"line":17,"column":10},"end":{"line":17,"column":37}},"12":{"start":{"line":25,"column":19},"end":{"line":25,"column":105}},"13":{"start":{"line":28,"column":4},"end":{"line":28,"column":38}},"14":{"start":{"line":28,"column":25},"end":{"line":28,"column":38}},"15":{"start":{"line":31,"column":51},"end":{"line":34,"column":6}},"16":{"start":{"line":35,"column":27},"end":{"line":35,"column":117}},"17":{"start":{"line":36,"column":4},"end":{"line":36,"column":49}},"18":{"start":{"line":36,"column":36},"end":{"line":36,"column":49}},"19":{"start":{"line":37,"column":4},"end":{"line":37,"column":16}},"20":{"start":{"line":43,"column":4},"end":{"line":43,"column":91}},"21":{"start":{"line":46,"column":51},"end":{"line":49,"column":6}},"22":{"start":{"line":50,"column":27},"end":{"line":50,"column":117}},"23":{"start":{"line":51,"column":4},"end":{"line":51,"column":49}},"24":{"start":{"line":51,"column":36},"end":{"line":51,"column":49}},"25":{"start":{"line":54,"column":42},"end":{"line":57,"column":6}},"26":{"start":{"line":58,"column":18},"end":{"line":58,"column":103}},"27":{"start":{"line":59,"column":4},"end":{"line":59,"column":38}},"28":{"start":{"line":59,"column":25},"end":{"line":59,"column":38}},"29":{"start":{"line":62,"column":53},"end":{"line":65,"column":6}},"30":{"start":{"line":66,"column":29},"end":{"line":69,"column":null}},"31":{"start":{"line":71,"column":4},"end":{"line":71,"column":51}},"32":{"start":{"line":71,"column":38},"end":{"line":71,"column":51}},"33":{"start":{"line":73,"column":4},"end":{"line":73,"column":16}},"34":{"start":{"line":86,"column":19},"end":{"line":86,"column":105}},"35":{"start":{"line":88,"column":4},"end":{"line":88,"column":38}},"36":{"start":{"line":88,"column":25},"end":{"line":88,"column":38}},"37":{"start":{"line":91,"column":51},"end":{"line":96,"column":6}},"38":{"start":{"line":97,"column":27},"end":{"line":97,"column":117}},"39":{"start":{"line":98,"column":4},"end":{"line":98,"column":49}},"40":{"start":{"line":98,"column":36},"end":{"line":98,"column":49}},"41":{"start":{"line":101,"column":42},"end":{"line":104,"column":6}},"42":{"start":{"line":105,"column":18},"end":{"line":105,"column":103}},"43":{"start":{"line":106,"column":4},"end":{"line":106,"column":38}},"44":{"start":{"line":106,"column":25},"end":{"line":106,"column":38}},"45":{"start":{"line":109,"column":62},"end":{"line":114,"column":6}},"46":{"start":{"line":115,"column":38},"end":{"line":118,"column":null}},"47":{"start":{"line":120,"column":4},"end":{"line":120,"column":60}},"48":{"start":{"line":120,"column":47},"end":{"line":120,"column":60}},"49":{"start":{"line":123,"column":53},"end":{"line":128,"column":6}},"50":{"start":{"line":130,"column":4},"end":{"line":132,"column":5}},"51":{"start":{"line":131,"column":6},"end":{"line":131,"column":18}},"52":{"start":{"line":133,"column":29},"end":{"line":136,"column":null}},"53":{"start":{"line":138,"column":4},"end":{"line":138,"column":50}},"54":{"start":{"line":138,"column":37},"end":{"line":138,"column":50}},"55":{"start":{"line":140,"column":4},"end":{"line":140,"column":16}},"56":{"start":{"line":144,"column":4},"end":{"line":146,"column":6}},"57":{"start":{"line":152,"column":4},"end":{"line":155,"column":6}},"58":{"start":{"line":159,"column":4},"end":{"line":159,"column":27}},"59":{"start":{"line":160,"column":44},"end":{"line":160,"column":45}},"60":{"start":{"line":161,"column":48},"end":{"line":161,"column":83}},"61":{"start":{"line":163,"column":40},"end":{"line":168,"column":6}},"62":{"start":{"line":169,"column":4},"end":{"line":176,"column":5}},"63":{"start":{"line":170,"column":6},"end":{"line":175,"column":7}},"64":{"start":{"line":174,"column":8},"end":{"line":174,"column":85}},"65":{"start":{"line":178,"column":42},"end":{"line":195,"column":6}},"66":{"start":{"line":196,"column":4},"end":{"line":203,"column":5}},"67":{"start":{"line":197,"column":6},"end":{"line":202,"column":7}},"68":{"start":{"line":201,"column":8},"end":{"line":201,"column":85}},"69":{"start":{"line":205,"column":40},"end":{"line":210,"column":6}},"70":{"start":{"line":211,"column":4},"end":{"line":218,"column":5}},"71":{"start":{"line":212,"column":6},"end":{"line":217,"column":7}},"72":{"start":{"line":216,"column":8},"end":{"line":216,"column":85}},"73":{"start":{"line":8,"column":13},"end":{"line":8,"column":33}},"74":{"start":{"line":8,"column":13},"end":{"line":220,"column":null}}},"fnMap":{"0":{"name":"(anonymous_2)","decl":{"start":{"line":9,"column":2},"end":{"line":9,"column":17}},"loc":{"start":{"line":9,"column":2},"end":{"line":9,"column":18}}},"1":{"name":"(anonymous_3)","decl":{"start":{"line":11,"column":2},"end":{"line":11,"column":12}},"loc":{"start":{"line":11,"column":25},"end":{"line":21,"column":3}}},"2":{"name":"(anonymous_4)","decl":{"start":{"line":13,"column":13},"end":{"line":13,"column":14}},"loc":{"start":{"line":13,"column":24},"end":{"line":20,"column":5}}},"3":{"name":"(anonymous_5)","decl":{"start":{"line":15,"column":22},"end":{"line":15,"column":23}},"loc":{"start":{"line":15,"column":33},"end":{"line":19,"column":7}}},"4":{"name":"(anonymous_6)","decl":{"start":{"line":24,"column":2},"end":{"line":24,"column":13}},"loc":{"start":{"line":24,"column":90},"end":{"line":38,"column":3}}},"5":{"name":"(anonymous_7)","decl":{"start":{"line":42,"column":2},"end":{"line":42,"column":17}},"loc":{"start":{"line":42,"column":94},"end":{"line":74,"column":3}}},"6":{"name":"(anonymous_8)","decl":{"start":{"line":80,"column":2},"end":{"line":80,"column":26}},"loc":{"start":{"line":84,"column":32},"end":{"line":141,"column":3}}},"7":{"name":"(anonymous_9)","decl":{"start":{"line":143,"column":2},"end":{"line":143,"column":25}},"loc":{"start":{"line":143,"column":50},"end":{"line":147,"column":3}}},"8":{"name":"(anonymous_10)","decl":{"start":{"line":150,"column":2},"end":{"line":150,"column":15}},"loc":{"start":{"line":150,"column":92},"end":{"line":156,"column":3}}},"9":{"name":"(anonymous_11)","decl":{"start":{"line":158,"column":2},"end":{"line":158,"column":19}},"loc":{"start":{"line":158,"column":64},"end":{"line":219,"column":3}}}},"branchMap":{"0":{"loc":{"start":{"line":16,"column":8},"end":{"line":18,"column":9}},"type":"if","locations":[{"start":{"line":16,"column":8},"end":{"line":18,"column":9}}]},"1":{"loc":{"start":{"line":28,"column":4},"end":{"line":28,"column":38}},"type":"if","locations":[{"start":{"line":28,"column":4},"end":{"line":28,"column":38}}]},"2":{"loc":{"start":{"line":36,"column":4},"end":{"line":36,"column":49}},"type":"if","locations":[{"start":{"line":36,"column":4},"end":{"line":36,"column":49}}]},"3":{"loc":{"start":{"line":51,"column":4},"end":{"line":51,"column":49}},"type":"if","locations":[{"start":{"line":51,"column":4},"end":{"line":51,"column":49}}]},"4":{"loc":{"start":{"line":59,"column":4},"end":{"line":59,"column":38}},"type":"if","locations":[{"start":{"line":59,"column":4},"end":{"line":59,"column":38}}]},"5":{"loc":{"start":{"line":71,"column":4},"end":{"line":71,"column":51}},"type":"if","locations":[{"start":{"line":71,"column":4},"end":{"line":71,"column":51}}]},"6":{"loc":{"start":{"line":88,"column":4},"end":{"line":88,"column":38}},"type":"if","locations":[{"start":{"line":88,"column":4},"end":{"line":88,"column":38}}]},"7":{"loc":{"start":{"line":92,"column":9},"end":{"line":94,"column":77}},"type":"cond-expr","locations":[{"start":{"line":93,"column":10},"end":{"line":93,"column":29}},{"start":{"line":94,"column":10},"end":{"line":94,"column":77}}]},"8":{"loc":{"start":{"line":95,"column":9},"end":{"line":95,"column":120}},"type":"cond-expr","locations":[{"start":{"line":95,"column":31},"end":{"line":95,"column":98}},{"start":{"line":95,"column":101},"end":{"line":95,"column":120}}]},"9":{"loc":{"start":{"line":98,"column":4},"end":{"line":98,"column":49}},"type":"if","locations":[{"start":{"line":98,"column":4},"end":{"line":98,"column":49}}]},"10":{"loc":{"start":{"line":102,"column":9},"end":{"line":102,"column":72}},"type":"cond-expr","locations":[{"start":{"line":102,"column":31},"end":{"line":102,"column":50}},{"start":{"line":102,"column":53},"end":{"line":102,"column":72}}]},"11":{"loc":{"start":{"line":103,"column":9},"end":{"line":103,"column":72}},"type":"cond-expr","locations":[{"start":{"line":103,"column":31},"end":{"line":103,"column":50}},{"start":{"line":103,"column":53},"end":{"line":103,"column":72}}]},"12":{"loc":{"start":{"line":106,"column":4},"end":{"line":106,"column":38}},"type":"if","locations":[{"start":{"line":106,"column":4},"end":{"line":106,"column":38}}]},"13":{"loc":{"start":{"line":110,"column":9},"end":{"line":112,"column":29}},"type":"cond-expr","locations":[{"start":{"line":111,"column":10},"end":{"line":111,"column":77}},{"start":{"line":112,"column":10},"end":{"line":112,"column":29}}]},"14":{"loc":{"start":{"line":113,"column":9},"end":{"line":113,"column":120}},"type":"cond-expr","locations":[{"start":{"line":113,"column":31},"end":{"line":113,"column":50}},{"start":{"line":113,"column":53},"end":{"line":113,"column":120}}]},"15":{"loc":{"start":{"line":120,"column":4},"end":{"line":120,"column":60}},"type":"if","locations":[{"start":{"line":120,"column":4},"end":{"line":120,"column":60}}]},"16":{"loc":{"start":{"line":124,"column":9},"end":{"line":126,"column":77}},"type":"cond-expr","locations":[{"start":{"line":125,"column":10},"end":{"line":125,"column":29}},{"start":{"line":126,"column":10},"end":{"line":126,"column":77}}]},"17":{"loc":{"start":{"line":127,"column":9},"end":{"line":127,"column":120}},"type":"cond-expr","locations":[{"start":{"line":127,"column":31},"end":{"line":127,"column":98}},{"start":{"line":127,"column":101},"end":{"line":127,"column":120}}]},"18":{"loc":{"start":{"line":130,"column":4},"end":{"line":132,"column":5}},"type":"if","locations":[{"start":{"line":130,"column":4},"end":{"line":132,"column":5}}]},"19":{"loc":{"start":{"line":138,"column":4},"end":{"line":138,"column":50}},"type":"if","locations":[{"start":{"line":138,"column":4},"end":{"line":138,"column":50}}]},"20":{"loc":{"start":{"line":145,"column":6},"end":{"line":145,"column":116}},"type":"binary-expr","locations":[{"start":{"line":145,"column":6},"end":{"line":145,"column":24}},{"start":{"line":145,"column":28},"end":{"line":145,"column":59}},{"start":{"line":145,"column":63},"end":{"line":145,"column":81}},{"start":{"line":145,"column":85},"end":{"line":145,"column":116}}]},"21":{"loc":{"start":{"line":153,"column":6},"end":{"line":154,"column":87}},"type":"binary-expr","locations":[{"start":{"line":153,"column":6},"end":{"line":153,"column":86}},{"start":{"line":154,"column":6},"end":{"line":154,"column":87}}]},"22":{"loc":{"start":{"line":170,"column":6},"end":{"line":175,"column":7}},"type":"if","locations":[{"start":{"line":170,"column":6},"end":{"line":175,"column":7}}]},"23":{"loc":{"start":{"line":171,"column":8},"end":{"line":172,"column":70}},"type":"binary-expr","locations":[{"start":{"line":171,"column":8},"end":{"line":171,"column":56}},{"start":{"line":172,"column":8},"end":{"line":172,"column":70}}]},"24":{"loc":{"start":{"line":197,"column":6},"end":{"line":202,"column":7}},"type":"if","locations":[{"start":{"line":197,"column":6},"end":{"line":202,"column":7}}]},"25":{"loc":{"start":{"line":198,"column":8},"end":{"line":199,"column":72}},"type":"binary-expr","locations":[{"start":{"line":198,"column":8},"end":{"line":198,"column":56}},{"start":{"line":199,"column":8},"end":{"line":199,"column":72}}]},"26":{"loc":{"start":{"line":212,"column":6},"end":{"line":217,"column":7}},"type":"if","locations":[{"start":{"line":212,"column":6},"end":{"line":217,"column":7}}]},"27":{"loc":{"start":{"line":213,"column":8},"end":{"line":214,"column":74}},"type":"binary-expr","locations":[{"start":{"line":213,"column":8},"end":{"line":213,"column":56}},{"start":{"line":214,"column":8},"end":{"line":214,"column":74}}]}},"s":{"0":2,"1":2,"2":2,"3":2,"4":2,"5":2,"6":3,"7":3,"8":51,"9":51,"10":867,"11":243,"12":16,"13":16,"14":4,"15":12,"16":12,"17":12,"18":4,"19":8,"20":16,"21":16,"22":16,"23":16,"24":3,"25":13,"26":13,"27":13,"28":6,"29":7,"30":7,"31":7,"32":3,"33":4,"34":32,"35":32,"36":0,"37":32,"38":32,"39":32,"40":8,"41":24,"42":24,"43":24,"44":16,"45":8,"46":8,"47":8,"48":0,"49":8,"50":8,"51":0,"52":8,"53":8,"54":0,"55":8,"56":32,"57":16,"58":2,"59":2,"60":2,"61":2,"62":2,"63":8,"64":4,"65":2,"66":2,"67":8,"68":4,"69":2,"70":2,"71":8,"72":0,"73":2,"74":2},"f":{"0":27,"1":3,"2":51,"3":867,"4":16,"5":16,"6":32,"7":32,"8":16,"9":2},"b":{"0":[243],"1":[4],"2":[4],"3":[3],"4":[6],"5":[3],"6":[0],"7":[16,16],"8":[16,16],"9":[8],"10":[8,16],"11":[8,16],"12":[16],"13":[0,8],"14":[0,8],"15":[0],"16":[0,8],"17":[0,8],"18":[0],"19":[0],"20":[32,32,32,32],"21":[16,16],"22":[4],"23":[8,8],"24":[4],"25":[8,8],"26":[0],"27":[8,8]}}
,"C:\\Users\\Daini\\Quoridor-API\\quoridor-api\\src\\PlayerMoveCalculator\\types.ts": {"path":"C:\\Users\\Daini\\Quoridor-API\\quoridor-api\\src\\PlayerMoveCalculator\\types.ts","statementMap":{"0":{"start":{"line":1,"column":0},"end":{"line":1,"column":52}},"1":{"start":{"line":3,"column":13},"end":{"line":3,"column":46}}},"fnMap":{},"branchMap":{},"s":{"0":2,"1":2},"f":{},"b":{}}
,"C:\\Users\\Daini\\Quoridor-API\\quoridor-api\\src\\StateHandler\\stateHandler.ts": {"path":"C:\\Users\\Daini\\Quoridor-API\\quoridor-api\\src\\StateHandler\\stateHandler.ts","statementMap":{"0":{"start":{"line":1,"column":0},"end":{"line":1,"column":39}},"1":{"start":{"line":5,"column":7},"end":{"line":33,"column":null}},"2":{"start":{"line":10,"column":4},"end":{"line":10,"column":23}},"3":{"start":{"line":11,"column":4},"end":{"line":11,"column":23}},"4":{"start":{"line":15,"column":4},"end":{"line":15,"column":35}},"5":{"start":{"line":19,"column":4},"end":{"line":19,"column":35}},"6":{"start":{"line":23,"column":4},"end":{"line":23,"column":33}},"7":{"start":{"line":27,"column":4},"end":{"line":27,"column":33}},"8":{"start":{"line":31,"column":4},"end":{"line":31,"column":33}},"9":{"start":{"line":5,"column":13},"end":{"line":5,"column":25}},"10":{"start":{"line":5,"column":13},"end":{"line":33,"column":null}}},"fnMap":{"0":{"name":"(anonymous_2)","decl":{"start":{"line":9,"column":2},"end":{"line":9,"column":null}},"loc":{"start":{"line":9,"column":2},"end":{"line":12,"column":3}}},"1":{"name":"(anonymous_3)","decl":{"start":{"line":14,"column":2},"end":{"line":14,"column":9}},"loc":{"start":{"line":14,"column":26},"end":{"line":16,"column":3}}},"2":{"name":"(anonymous_4)","decl":{"start":{"line":18,"column":2},"end":{"line":18,"column":9}},"loc":{"start":{"line":18,"column":38},"end":{"line":20,"column":3}}},"3":{"name":"(anonymous_5)","decl":{"start":{"line":22,"column":2},"end":{"line":22,"column":9}},"loc":{"start":{"line":22,"column":24},"end":{"line":24,"column":3}}},"4":{"name":"(anonymous_6)","decl":{"start":{"line":26,"column":2},"end":{"line":26,"column":9}},"loc":{"start":{"line":26,"column":36},"end":{"line":28,"column":3}}},"5":{"name":"(anonymous_7)","decl":{"start":{"line":30,"column":2},"end":{"line":30,"column":12}},"loc":{"start":{"line":30,"column":27},"end":{"line":32,"column":3}}}},"branchMap":{},"s":{"0":2,"1":2,"2":0,"3":0,"4":0,"5":0,"6":0,"7":0,"8":0,"9":2,"10":2},"f":{"0":0,"1":0,"2":0,"3":0,"4":0,"5":0},"b":{}}
,"C:\\Users\\Daini\\Quoridor-API\\quoridor-api\\src\\StateHandler\\types.ts": {"path":"C:\\Users\\Daini\\Quoridor-API\\quoridor-api\\src\\StateHandler\\types.ts","statementMap":{"0":{"start":{"line":28,"column":0},"end":{"line":28,"column":null}},"1":{"start":{"line":29,"column":2},"end":{"line":29,"column":null}},"2":{"start":{"line":30,"column":2},"end":{"line":30,"column":null}},"3":{"start":{"line":39,"column":0},"end":{"line":39,"column":null}},"4":{"start":{"line":40,"column":2},"end":{"line":40,"column":null}},"5":{"start":{"line":41,"column":2},"end":{"line":41,"column":null}}},"fnMap":{"0":{"name":"(anonymous_0)","decl":{"start":{"line":28,"column":0},"end":{"line":28,"column":12}},"loc":{"start":{"line":28,"column":20},"end":{"line":31,"column":1}}},"1":{"name":"(anonymous_1)","decl":{"start":{"line":39,"column":0},"end":{"line":39,"column":12}},"loc":{"start":{"line":39,"column":22},"end":{"line":42,"column":1}}}},"branchMap":{"0":{"loc":{"start":{"line":28,"column":12},"end":{"line":28,"column":null}},"type":"binary-expr","locations":[{"start":{"line":28,"column":12},"end":{"line":28,"column":20}},{"start":{"line":28,"column":20},"end":{"line":28,"column":null}}]},"1":{"loc":{"start":{"line":39,"column":12},"end":{"line":39,"column":null}},"type":"binary-expr","locations":[{"start":{"line":39,"column":12},"end":{"line":39,"column":22}},{"start":{"line":39,"column":22},"end":{"line":39,"column":null}}]}},"s":{"0":3,"1":3,"2":3,"3":3,"4":3,"5":3},"f":{"0":3,"1":3},"b":{"0":[3,3],"1":[3,3]}}
,"C:\\Users\\Daini\\Quoridor-API\\quoridor-api\\src\\Websocket\\types.ts": {"path":"C:\\Users\\Daini\\Quoridor-API\\quoridor-api\\src\\Websocket\\types.ts","statementMap":{"0":{"start":{"line":1,"column":0},"end":{"line":1,"column":null}},"1":{"start":{"line":2,"column":2},"end":{"line":2,"column":null}},"2":{"start":{"line":3,"column":2},"end":{"line":3,"column":null}},"3":{"start":{"line":4,"column":2},"end":{"line":4,"column":null}},"4":{"start":{"line":5,"column":2},"end":{"line":5,"column":null}},"5":{"start":{"line":6,"column":2},"end":{"line":6,"column":null}}},"fnMap":{"0":{"name":"(anonymous_0)","decl":{"start":{"line":1,"column":0},"end":{"line":1,"column":12}},"loc":{"start":{"line":1,"column":24},"end":{"line":7,"column":1}}}},"branchMap":{"0":{"loc":{"start":{"line":1,"column":12},"end":{"line":1,"column":null}},"type":"binary-expr","locations":[{"start":{"line":1,"column":12},"end":{"line":1,"column":24}},{"start":{"line":1,"column":24},"end":{"line":1,"column":null}}]}},"s":{"0":1,"1":1,"2":1,"3":1,"4":1,"5":1},"f":{"0":1},"b":{"0":[1,1]}}
,"C:\\Users\\Daini\\Quoridor-API\\quoridor-api\\src\\Websocket\\websocket.ts": {"path":"C:\\Users\\Daini\\Quoridor-API\\quoridor-api\\src\\Websocket\\websocket.ts","statementMap":{"0":{"start":{"line":1,"column":0},"end":{"line":1,"column":23}},"1":{"start":{"line":3,"column":0},"end":{"line":3,"column":36}},"2":{"start":{"line":4,"column":0},"end":{"line":4,"column":47}},"3":{"start":{"line":5,"column":0},"end":{"line":5,"column":37}},"4":{"start":{"line":6,"column":0},"end":{"line":6,"column":60}},"5":{"start":{"line":7,"column":0},"end":{"line":7,"column":48}},"6":{"start":{"line":8,"column":0},"end":{"line":8,"column":60}},"7":{"start":{"line":9,"column":0},"end":{"line":9,"column":83}},"8":{"start":{"line":10,"column":0},"end":{"line":10,"column":111}},"9":{"start":{"line":11,"column":0},"end":{"line":11,"column":84}},"10":{"start":{"line":12,"column":0},"end":{"line":12,"column":75}},"11":{"start":{"line":15,"column":7},"end":{"line":235,"column":null}},"12":{"start":{"line":17,"column":40},"end":{"line":17,"column":54}},"13":{"start":{"line":18,"column":40},"end":{"line":18,"column":54}},"14":{"start":{"line":19,"column":48},"end":{"line":19,"column":70}},"15":{"start":{"line":23,"column":4},"end":{"line":23,"column":42}},"16":{"start":{"line":27,"column":35},"end":{"line":27,"column":51}},"17":{"start":{"line":28,"column":23},"end":{"line":28,"column":41}},"18":{"start":{"line":30,"column":4},"end":{"line":195,"column":5}},"19":{"start":{"line":32,"column":31},"end":{"line":32,"column":39}},"20":{"start":{"line":33,"column":8},"end":{"line":33,"column":27}},"21":{"start":{"line":36,"column":33},"end":{"line":36,"column":52}},"22":{"start":{"line":38,"column":21},"end":{"line":38,"column":56}},"23":{"start":{"line":39,"column":8},"end":{"line":42,"column":9}},"24":{"start":{"line":40,"column":10},"end":{"line":40,"column":69}},"25":{"start":{"line":41,"column":10},"end":{"line":41,"column":17}},"26":{"start":{"line":44,"column":28},"end":{"line":44,"column":62}},"27":{"start":{"line":45,"column":8},"end":{"line":49,"column":9}},"28":{"start":{"line":47,"column":10},"end":{"line":47,"column":69}},"29":{"start":{"line":48,"column":10},"end":{"line":48,"column":17}},"30":{"start":{"line":51,"column":28},"end":{"line":51,"column":109}},"31":{"start":{"line":54,"column":8},"end":{"line":54,"column":68}},"32":{"start":{"line":57,"column":8},"end":{"line":57,"column":77}},"33":{"start":{"line":60,"column":23},"end":{"line":60,"column":71}},"34":{"start":{"line":61,"column":8},"end":{"line":63,"column":9}},"35":{"start":{"line":62,"column":10},"end":{"line":62,"column":35}},"36":{"start":{"line":65,"column":26},"end":{"line":65,"column":53}},"37":{"start":{"line":67,"column":8},"end":{"line":86,"column":9}},"38":{"start":{"line":68,"column":25},"end":{"line":68,"column":60}},"39":{"start":{"line":70,"column":10},"end":{"line":76,"column":11}},"40":{"start":{"line":71,"column":12},"end":{"line":73,"column":13}},"41":{"start":{"line":72,"column":14},"end":{"line":72,"column":23}},"42":{"start":{"line":74,"column":12},"end":{"line":74,"column":69}},"43":{"start":{"line":75,"column":12},"end":{"line":75,"column":18}},"44":{"start":{"line":77,"column":10},"end":{"line":85,"column":12}},"45":{"start":{"line":88,"column":8},"end":{"line":88,"column":14}},"46":{"start":{"line":92,"column":23},"end":{"line":92,"column":32}},"47":{"start":{"line":93,"column":21},"end":{"line":93,"column":62}},"48":{"start":{"line":94,"column":8},"end":{"line":94,"column":44}},"49":{"start":{"line":96,"column":8},"end":{"line":98,"column":9}},"50":{"start":{"line":97,"column":10},"end":{"line":97,"column":17}},"51":{"start":{"line":100,"column":26},"end":{"line":100,"column":53}},"52":{"start":{"line":101,"column":23},"end":{"line":101,"column":48}},"53":{"start":{"line":102,"column":31},"end":{"line":102,"column":48}},"54":{"start":{"line":104,"column":8},"end":{"line":106,"column":9}},"55":{"start":{"line":105,"column":10},"end":{"line":105,"column":47}},"56":{"start":{"line":108,"column":34},"end":{"line":108,"column":82}},"57":{"start":{"line":109,"column":8},"end":{"line":109,"column":83}},"58":{"start":{"line":111,"column":8},"end":{"line":116,"column":9}},"59":{"start":{"line":112,"column":25},"end":{"line":112,"column":60}},"60":{"start":{"line":113,"column":10},"end":{"line":115,"column":12}},"61":{"start":{"line":118,"column":8},"end":{"line":118,"column":14}},"62":{"start":{"line":123,"column":31},"end":{"line":123,"column":48}},"63":{"start":{"line":126,"column":25},"end":{"line":126,"column":58}},"64":{"start":{"line":129,"column":8},"end":{"line":132,"column":9}},"65":{"start":{"line":130,"column":10},"end":{"line":130,"column":69}},"66":{"start":{"line":131,"column":10},"end":{"line":131,"column":17}},"67":{"start":{"line":135,"column":25},"end":{"line":135,"column":69}},"68":{"start":{"line":138,"column":8},"end":{"line":141,"column":9}},"69":{"start":{"line":139,"column":10},"end":{"line":139,"column":69}},"70":{"start":{"line":140,"column":10},"end":{"line":140,"column":17}},"71":{"start":{"line":144,"column":8},"end":{"line":144,"column":40}},"72":{"start":{"line":145,"column":8},"end":{"line":145,"column":33}},"73":{"start":{"line":148,"column":8},"end":{"line":148,"column":25}},"74":{"start":{"line":149,"column":8},"end":{"line":149,"column":36}},"75":{"start":{"line":151,"column":8},"end":{"line":156,"column":10}},"76":{"start":{"line":158,"column":8},"end":{"line":158,"column":14}},"77":{"start":{"line":162,"column":41},"end":{"line":162,"column":63}},"78":{"start":{"line":163,"column":33},"end":{"line":163,"column":48}},"79":{"start":{"line":164,"column":23},"end":{"line":164,"column":32}},"80":{"start":{"line":165,"column":21},"end":{"line":165,"column":62}},"81":{"start":{"line":167,"column":8},"end":{"line":170,"column":9}},"82":{"start":{"line":169,"column":10},"end":{"line":169,"column":17}},"83":{"start":{"line":172,"column":26},"end":{"line":172,"column":53}},"84":{"start":{"line":174,"column":32},"end":{"line":174,"column":72}},"85":{"start":{"line":174,"column":58},"end":{"line":174,"column":71}},"86":{"start":{"line":175,"column":8},"end":{"line":175,"column":46}},"87":{"start":{"line":177,"column":8},"end":{"line":177,"column":67}},"88":{"start":{"line":179,"column":33},"end":{"line":179,"column":82}},"89":{"start":{"line":180,"column":8},"end":{"line":180,"column":82}},"90":{"start":{"line":182,"column":8},"end":{"line":187,"column":9}},"91":{"start":{"line":183,"column":25},"end":{"line":183,"column":60}},"92":{"start":{"line":184,"column":10},"end":{"line":186,"column":12}},"93":{"start":{"line":189,"column":8},"end":{"line":189,"column":14}},"94":{"start":{"line":193,"column":8},"end":{"line":193,"column":76}},"95":{"start":{"line":199,"column":19},"end":{"line":199,"column":28}},"96":{"start":{"line":200,"column":17},"end":{"line":200,"column":50}},"97":{"start":{"line":201,"column":4},"end":{"line":203,"column":5}},"98":{"start":{"line":202,"column":6},"end":{"line":202,"column":13}},"99":{"start":{"line":205,"column":25},"end":{"line":209,"column":5}},"100":{"start":{"line":206,"column":23},"end":{"line":206,"column":65}},"101":{"start":{"line":207,"column":6},"end":{"line":207,"column":67}},"102":{"start":{"line":208,"column":6},"end":{"line":208,"column":43}},"103":{"start":{"line":212,"column":21},"end":{"line":212,"column":56}},"104":{"start":{"line":214,"column":4},"end":{"line":214,"column":29}},"105":{"start":{"line":218,"column":4},"end":{"line":233,"column":7}},"106":{"start":{"line":219,"column":6},"end":{"line":219,"column":41}},"107":{"start":{"line":221,"column":6},"end":{"line":223,"column":9}},"108":{"start":{"line":222,"column":8},"end":{"line":222,"column":37}},"109":{"start":{"line":225,"column":6},"end":{"line":227,"column":9}},"110":{"start":{"line":226,"column":8},"end":{"line":226,"column":59}},"111":{"start":{"line":229,"column":6},"end":{"line":232,"column":9}},"112":{"start":{"line":230,"column":8},"end":{"line":230,"column":29}},"113":{"start":{"line":231,"column":8},"end":{"line":231,"column":92}},"114":{"start":{"line":15,"column":13},"end":{"line":15,"column":22}},"115":{"start":{"line":15,"column":13},"end":{"line":235,"column":null}}},"fnMap":{"0":{"name":"(anonymous_5)","decl":{"start":{"line":16,"column":2},"end":{"line":16,"column":null}},"loc":{"start":{"line":19,"column":90},"end":{"line":20,"column":6}}},"1":{"name":"(anonymous_6)","decl":{"start":{"line":22,"column":2},"end":{"line":22,"column":15}},"loc":{"start":{"line":22,"column":45},"end":{"line":24,"column":3}}},"2":{"name":"(anonymous_7)","decl":{"start":{"line":26,"column":2},"end":{"line":26,"column":15}},"loc":{"start":{"line":26,"column":43},"end":{"line":196,"column":3}}},"3":{"name":"(anonymous_8)","decl":{"start":{"line":174,"column":50},"end":{"line":174,"column":51}},"loc":{"start":{"line":174,"column":58},"end":{"line":174,"column":71}}},"4":{"name":"(anonymous_9)","decl":{"start":{"line":198,"column":2},"end":{"line":198,"column":13}},"loc":{"start":{"line":198,"column":35},"end":{"line":215,"column":3}}},"5":{"name":"(anonymous_10)","decl":{"start":{"line":205,"column":25},"end":{"line":205,"column":28}},"loc":{"start":{"line":205,"column":30},"end":{"line":209,"column":5}}},"6":{"name":"(anonymous_11)","decl":{"start":{"line":217,"column":2},"end":{"line":217,"column":26}},"loc":{"start":{"line":217,"column":47},"end":{"line":234,"column":3}}},"7":{"name":"(anonymous_12)","decl":{"start":{"line":218,"column":25},"end":{"line":218,"column":26}},"loc":{"start":{"line":218,"column":51},"end":{"line":233,"column":5}}},"8":{"name":"(anonymous_13)","decl":{"start":{"line":221,"column":23},"end":{"line":221,"column":24}},"loc":{"start":{"line":221,"column":32},"end":{"line":223,"column":7}}},"9":{"name":"(anonymous_14)","decl":{"start":{"line":225,"column":21},"end":{"line":225,"column":22}},"loc":{"start":{"line":225,"column":29},"end":{"line":227,"column":7}}},"10":{"name":"(anonymous_15)","decl":{"start":{"line":229,"column":21},"end":{"line":229,"column":22}},"loc":{"start":{"line":229,"column":38},"end":{"line":232,"column":7}}}},"branchMap":{"0":{"loc":{"start":{"line":30,"column":4},"end":{"line":195,"column":5}},"type":"switch","locations":[{"start":{"line":31,"column":6},"end":{"line":89,"column":7}},{"start":{"line":91,"column":6},"end":{"line":119,"column":7}},{"start":{"line":121,"column":6},"end":{"line":159,"column":7}},{"start":{"line":161,"column":6},"end":{"line":190,"column":7}},{"start":{"line":192,"column":6},"end":{"line":194,"column":7}}]},"1":{"loc":{"start":{"line":39,"column":8},"end":{"line":42,"column":9}},"type":"if","locations":[{"start":{"line":39,"column":8},"end":{"line":42,"column":9}}]},"2":{"loc":{"start":{"line":45,"column":8},"end":{"line":49,"column":9}},"type":"if","locations":[{"start":{"line":45,"column":8},"end":{"line":49,"column":9}}]},"3":{"loc":{"start":{"line":51,"column":28},"end":{"line":51,"column":109}},"type":"cond-expr","locations":[{"start":{"line":51,"column":56},"end":{"line":51,"column":81}},{"start":{"line":51,"column":84},"end":{"line":51,"column":109}}]},"4":{"loc":{"start":{"line":61,"column":8},"end":{"line":63,"column":9}},"type":"if","locations":[{"start":{"line":61,"column":8},"end":{"line":63,"column":9}}]},"5":{"loc":{"start":{"line":71,"column":12},"end":{"line":73,"column":13}},"type":"if","locations":[{"start":{"line":71,"column":12},"end":{"line":73,"column":13}}]},"6":{"loc":{"start":{"line":96,"column":8},"end":{"line":98,"column":9}},"type":"if","locations":[{"start":{"line":96,"column":8},"end":{"line":98,"column":9}}]},"7":{"loc":{"start":{"line":104,"column":8},"end":{"line":106,"column":9}},"type":"if","locations":[{"start":{"line":104,"column":8},"end":{"line":106,"column":9}}]},"8":{"loc":{"start":{"line":129,"column":8},"end":{"line":132,"column":9}},"type":"if","locations":[{"start":{"line":129,"column":8},"end":{"line":132,"column":9}}]},"9":{"loc":{"start":{"line":138,"column":8},"end":{"line":141,"column":9}},"type":"if","locations":[{"start":{"line":138,"column":8},"end":{"line":141,"column":9}}]},"10":{"loc":{"start":{"line":167,"column":8},"end":{"line":170,"column":9}},"type":"if","locations":[{"start":{"line":167,"column":8},"end":{"line":170,"column":9}}]},"11":{"loc":{"start":{"line":201,"column":4},"end":{"line":203,"column":5}},"type":"if","locations":[{"start":{"line":201,"column":4},"end":{"line":203,"column":5}}]},"12":{"loc":{"start":{"line":201,"column":8},"end":{"line":201,"column":24}},"type":"binary-expr","locations":[{"start":{"line":201,"column":8},"end":{"line":201,"column":15}},{"start":{"line":201,"column":19},"end":{"line":201,"column":24}}]}},"s":{"0":1,"1":1,"2":1,"3":1,"4":1,"5":1,"6":1,"7":1,"8":1,"9":1,"10":1,"11":1,"12":2,"13":2,"14":2,"15":4,"16":2,"17":2,"18":2,"19":2,"20":2,"21":2,"22":2,"23":2,"24":2,"25":2,"26":0,"27":0,"28":0,"29":0,"30":0,"31":0,"32":0,"33":0,"34":0,"35":0,"36":0,"37":0,"38":0,"39":0,"40":0,"41":0,"42":0,"43":0,"44":0,"45":0,"46":0,"47":0,"48":0,"49":0,"50":0,"51":0,"52":0,"53":0,"54":0,"55":0,"56":0,"57":0,"58":0,"59":0,"60":0,"61":0,"62":0,"63":0,"64":0,"65":0,"66":0,"67":0,"68":0,"69":0,"70":0,"71":0,"72":0,"73":0,"74":0,"75":0,"76":0,"77":0,"78":0,"79":0,"80":0,"81":0,"82":0,"83":0,"84":0,"85":0,"86":0,"87":0,"88":0,"89":0,"90":0,"91":0,"92":0,"93":0,"94":0,"95":1,"96":1,"97":1,"98":1,"99":0,"100":0,"101":0,"102":0,"103":0,"104":0,"105":2,"106":2,"107":2,"108":2,"109":2,"110":0,"111":2,"112":1,"113":1,"114":1,"115":1},"f":{"0":2,"1":4,"2":2,"3":0,"4":1,"5":0,"6":2,"7":2,"8":2,"9":0,"10":1},"b":{"0":[2,0,0,0,0],"1":[2],"2":[0],"3":[0,0],"4":[0],"5":[0],"6":[0],"7":[0],"8":[0],"9":[0],"10":[0],"11":[1],"12":[1,1]}}
,"C:\\Users\\Daini\\Quoridor-API\\quoridor-api\\src\\ioc\\types.ts": {"path":"C:\\Users\\Daini\\Quoridor-API\\quoridor-api\\src\\ioc\\types.ts","statementMap":{"0":{"start":{"line":1,"column":14},"end":{"line":6,"column":2}},"1":{"start":{"line":8,"column":9},"end":{"line":8,"column":14}}},"fnMap":{},"branchMap":{},"s":{"0":2,"1":2},"f":{},"b":{}}
,"C:\\Users\\Daini\\Quoridor-API\\quoridor-api\\src\\tests\\testHelper.ts": {"path":"C:\\Users\\Daini\\Quoridor-API\\quoridor-api\\src\\tests\\testHelper.ts","statementMap":{"0":{"start":{"line":1,"column":0},"end":{"line":1,"column":20}},"1":{"start":{"line":2,"column":0},"end":{"line":2,"column":32}},"2":{"start":{"line":3,"column":0},"end":{"line":3,"column":80}},"3":{"start":{"line":4,"column":0},"end":{"line":4,"column":106}},"4":{"start":{"line":5,"column":0},"end":{"line":5,"column":105}},"5":{"start":{"line":7,"column":13},"end":{"line":7,"column":35}},"6":{"start":{"line":8,"column":13},"end":{"line":8,"column":35}},"7":{"start":{"line":10,"column":29},"end":{"line":34,"column":1}},"8":{"start":{"line":11,"column":44},"end":{"line":22,"column":4}},"9":{"start":{"line":23,"column":23},"end":{"line":23,"column":39}},"10":{"start":{"line":24,"column":24},"end":{"line":24,"column":118}},"11":{"start":{"line":25,"column":2},"end":{"line":25,"column":36}},"12":{"start":{"line":26,"column":24},"end":{"line":26,"column":118}},"13":{"start":{"line":27,"column":2},"end":{"line":27,"column":36}},"14":{"start":{"line":29,"column":2},"end":{"line":33,"column":4}},"15":{"start":{"line":10,"column":13},"end":{"line":10,"column":29}},"16":{"start":{"line":36,"column":36},"end":{"line":70,"column":2}},"17":{"start":{"line":36,"column":75},"end":{"line":70,"column":2}},"18":{"start":{"line":38,"column":21},"end":{"line":38,"column":46}},"19":{"start":{"line":39,"column":13},"end":{"line":42,"column":4}},"20":{"start":{"line":44,"column":23},"end":{"line":65,"column":3}},"21":{"start":{"line":45,"column":4},"end":{"line":64,"column":7}},"22":{"start":{"line":46,"column":27},"end":{"line":46,"column":29}},"23":{"start":{"line":47,"column":27},"end":{"line":47,"column":28}},"24":{"start":{"line":48,"column":22},"end":{"line":48,"column":23}},"25":{"start":{"line":51,"column":6},"end":{"line":57,"column":9}},"26":{"start":{"line":52,"column":8},"end":{"line":55,"column":9}},"27":{"start":{"line":53,"column":10},"end":{"line":53,"column":103}},"28":{"start":{"line":54,"column":10},"end":{"line":54,"column":19}},"29":{"start":{"line":56,"column":8},"end":{"line":56,"column":20}},"30":{"start":{"line":60,"column":6},"end":{"line":63,"column":9}},"31":{"start":{"line":61,"column":8},"end":{"line":61,"column":44}},"32":{"start":{"line":62,"column":8},"end":{"line":62,"column":23}},"33":{"start":{"line":67,"column":16},"end":{"line":67,"column":36}},"34":{"start":{"line":69,"column":2},"end":{"line":69,"column":15}},"35":{"start":{"line":36,"column":13},"end":{"line":36,"column":36}},"36":{"start":{"line":72,"column":27},"end":{"line":132,"column":1}},"37":{"start":{"line":73,"column":36},"end":{"line":73,"column":66}},"38":{"start":{"line":74,"column":18},"end":{"line":74,"column":35}},"39":{"start":{"line":75,"column":2},"end":{"line":129,"column":5}},"40":{"start":{"line":77,"column":4},"end":{"line":127,"column":5}},"41":{"start":{"line":80,"column":8},"end":{"line":85,"column":42}},"42":{"start":{"line":86,"column":8},"end":{"line":86,"column":14}},"43":{"start":{"line":89,"column":8},"end":{"line":89,"column":98}},"44":{"start":{"line":90,"column":8},"end":{"line":90,"column":14}},"45":{"start":{"line":93,"column":8},"end":{"line":97,"column":44}},"46":{"start":{"line":98,"column":8},"end":{"line":98,"column":14}},"47":{"start":{"line":101,"column":8},"end":{"line":105,"column":44}},"48":{"start":{"line":106,"column":8},"end":{"line":106,"column":14}},"49":{"start":{"line":109,"column":8},"end":{"line":114,"column":42}},"50":{"start":{"line":115,"column":8},"end":{"line":115,"column":14}},"51":{"start":{"line":119,"column":8},"end":{"line":124,"column":42}},"52":{"start":{"line":125,"column":8},"end":{"line":125,"column":14}},"53":{"start":{"line":128,"column":4},"end":{"line":128,"column":29}},"54":{"start":{"line":131,"column":2},"end":{"line":131,"column":13}}},"fnMap":{"0":{"name":"(anonymous_8)","decl":{"start":{"line":10,"column":29},"end":{"line":10,"column":38}},"loc":{"start":{"line":10,"column":40},"end":{"line":34,"column":1}}},"1":{"name":"(anonymous_9)","decl":{"start":{"line":36,"column":36},"end":{"line":36,"column":43}},"loc":{"start":{"line":36,"column":75},"end":{"line":70,"column":2}}},"2":{"name":"(anonymous_10)","decl":{"start":{"line":36,"column":75},"end":{"line":36,"column":null}},"loc":{"start":{"line":36,"column":75},"end":{"line":70,"column":1}}},"3":{"name":"(anonymous_11)","decl":{"start":{"line":44,"column":23},"end":{"line":44,"column":42}},"loc":{"start":{"line":44,"column":44},"end":{"line":65,"column":3}}},"4":{"name":"(anonymous_12)","decl":{"start":{"line":45,"column":23},"end":{"line":45,"column":24}},"loc":{"start":{"line":45,"column":43},"end":{"line":64,"column":5}}},"5":{"name":"(anonymous_13)","decl":{"start":{"line":51,"column":20},"end":{"line":51,"column":21}},"loc":{"start":{"line":51,"column":29},"end":{"line":57,"column":7}}},"6":{"name":"(anonymous_14)","decl":{"start":{"line":60,"column":21},"end":{"line":60,"column":24}},"loc":{"start":{"line":60,"column":26},"end":{"line":63,"column":7}}},"7":{"name":"(anonymous_15)","decl":{"start":{"line":72,"column":27},"end":{"line":72,"column":28}},"loc":{"start":{"line":72,"column":87},"end":{"line":132,"column":1}}},"8":{"name":"(anonymous_16)","decl":{"start":{"line":75,"column":18},"end":{"line":75,"column":19}},"loc":{"start":{"line":75,"column":29},"end":{"line":129,"column":3}}}},"branchMap":{"0":{"loc":{"start":{"line":52,"column":8},"end":{"line":55,"column":9}},"type":"if","locations":[{"start":{"line":52,"column":8},"end":{"line":55,"column":9}}]},"1":{"loc":{"start":{"line":53,"column":51},"end":{"line":53,"column":101}},"type":"cond-expr","locations":[{"start":{"line":53,"column":70},"end":{"line":53,"column":84}},{"start":{"line":53,"column":87},"end":{"line":53,"column":101}}]},"2":{"loc":{"start":{"line":77,"column":4},"end":{"line":127,"column":5}},"type":"switch","locations":[{"start":{"line":78,"column":6},"end":{"line":78,"column":15}},{"start":{"line":79,"column":6},"end":{"line":87,"column":7}},{"start":{"line":88,"column":6},"end":{"line":91,"column":7}},{"start":{"line":92,"column":6},"end":{"line":99,"column":7}},{"start":{"line":100,"column":6},"end":{"line":107,"column":7}},{"start":{"line":108,"column":6},"end":{"line":116,"column":7}},{"start":{"line":117,"column":6},"end":{"line":117,"column":15}},{"start":{"line":118,"column":6},"end":{"line":126,"column":7}}]}},"s":{"0":2,"1":2,"2":2,"3":2,"4":2,"5":2,"6":2,"7":2,"8":1,"9":1,"10":1,"11":1,"12":1,"13":1,"14":1,"15":2,"16":2,"17":27,"18":27,"19":27,"20":27,"21":27,"22":27,"23":27,"24":27,"25":27,"26":810,"27":459,"28":459,"29":810,"30":27,"31":27,"32":27,"33":27,"34":27,"35":2,"36":2,"37":459,"38":459,"39":459,"40":7803,"41":3819,"42":3819,"43":2121,"44":2121,"45":27,"46":27,"47":39,"48":39,"49":69,"50":69,"51":1728,"52":1728,"53":7803,"54":459},"f":{"0":1,"1":27,"2":27,"3":27,"4":27,"5":810,"6":27,"7":459,"8":7803},"b":{"0":[459],"1":[243,216],"2":[1921,3819,2121,27,39,69,1728,1728]}}
}
