TN:
SF:src\BoardService\boardService.ts
FN:12,(anonymous_4)
FN:14,(anonymous_5)
FN:36,(anonymous_6)
FN:112,(anonymous_7)
FNF:4
FNH:4
FNDA:4,(anonymous_4)
FNDA:4,(anonymous_5)
FNDA:1,(anonymous_6)
FNDA:4,(anonymous_7)
DA:2,2
DA:4,2
DA:5,2
DA:6,2
DA:7,2
DA:8,2
DA:11,2
DA:12,4
DA:15,4
DA:16,3
DA:17,3
DA:18,3
DA:19,3
DA:20,3
DA:22,3
DA:23,3
DA:25,1
DA:28,2
DA:29,1
DA:30,1
DA:31,1
DA:32,1
DA:37,1
DA:38,1
DA:40,1
DA:46,1
DA:47,1
DA:48,1
DA:50,1
DA:51,0
DA:56,0
DA:59,0
DA:60,0
DA:65,0
DA:68,0
DA:73,0
DA:76,1
DA:77,1
DA:82,1
DA:85,1
DA:86,1
DA:91,1
DA:94,1
DA:99,1
DA:102,1
DA:103,1
DA:104,1
DA:107,1
DA:108,2
DA:113,4
DA:114,4
DA:115,4
LF:52
LH:45
BRDA:15,0,0,3
BRDA:28,1,0,1
BRDA:50,2,0,0
BRDA:59,3,0,0
BRDA:76,4,0,1
BRDA:85,5,0,1
BRF:6
BRH:4
end_of_record
TN:
SF:src\BoardService\helper.ts
FN:5,(anonymous_1)
FN:7,(anonymous_2)
FN:14,(anonymous_3)
FN:20,(anonymous_4)
FN:30,(anonymous_5)
FN:43,(anonymous_6)
FN:58,(anonymous_7)
FN:60,(anonymous_8)
FN:65,(anonymous_9)
FNF:9
FNH:7
FNDA:1,(anonymous_1)
FNDA:17,(anonymous_2)
FNDA:17,(anonymous_3)
FNDA:153,(anonymous_4)
FNDA:136,(anonymous_5)
FNDA:202,(anonymous_6)
FNDA:0,(anonymous_7)
FNDA:0,(anonymous_8)
FNDA:26,(anonymous_9)
DA:1,3
DA:2,3
DA:3,3
DA:5,3
DA:6,1
DA:7,1
DA:8,17
DA:9,17
DA:11,1
DA:14,3
DA:15,17
DA:16,17
DA:21,153
DA:31,136
DA:32,136
DA:40,17
DA:43,3
DA:48,202
DA:50,202
DA:51,2
DA:52,2
DA:55,200
DA:58,3
DA:59,0
DA:60,0
DA:62,0
DA:65,3
DA:66,26
DA:67,198
DA:68,198
DA:69,3158
DA:70,3158
DA:71,26
DA:75,0
LF:34
LH:30
BRDA:8,0,0,9
BRDA:8,0,1,8
BRDA:19,1,0,9
BRDA:19,1,1,8
BRDA:21,2,0,81
BRDA:21,2,1,72
BRDA:35,3,0,136
BRDA:35,3,1,72
BRDA:48,4,0,202
BRDA:48,4,1,1
BRDA:48,5,0,1
BRDA:48,5,1,201
BRDA:48,6,0,202
BRDA:48,6,1,202
BRDA:50,7,0,2
BRDA:62,8,0,0
BRDA:62,8,1,0
BRDA:70,9,0,26
BRDA:70,10,0,3158
BRDA:70,10,1,904
BRDA:70,11,0,0
BRDA:70,11,1,904
BRDA:70,12,0,904
BRDA:70,12,1,904
BRF:24
BRH:21
end_of_record
TN:
SF:src\BoardService\types.ts
FNF:0
FNH:0
DA:5,3
DA:6,3
DA:8,3
DA:12,3
LF:4
LH:4
BRF:0
BRH:0
end_of_record
TN:
SF:src\PlayerMoveCalculator\helper.ts
FN:1,(anonymous_0)
FNF:1
FNH:1
FNDA:144,(anonymous_0)
DA:1,2
DA:2,144
DA:3,144
DA:4,96
LF:4
LH:4
BRDA:3,0,0,48
BRF:1
BRH:1
end_of_record
TN:
SF:src\PlayerMoveCalculator\playerMoveCalculator.ts
FN:9,(anonymous_2)
FN:11,(anonymous_3)
FN:13,(anonymous_4)
FN:15,(anonymous_5)
FN:24,(anonymous_6)
FN:42,(anonymous_7)
FN:80,(anonymous_8)
FN:143,(anonymous_9)
FN:150,(anonymous_10)
FN:158,(anonymous_11)
FNF:10
FNH:10
FNDA:27,(anonymous_2)
FNDA:3,(anonymous_3)
FNDA:51,(anonymous_4)
FNDA:867,(anonymous_5)
FNDA:16,(anonymous_6)
FNDA:16,(anonymous_7)
FNDA:32,(anonymous_8)
FNDA:32,(anonymous_9)
FNDA:16,(anonymous_10)
FNDA:2,(anonymous_11)
DA:1,2
DA:2,2
DA:3,2
DA:4,2
DA:5,2
DA:8,2
DA:12,3
DA:13,3
DA:14,51
DA:15,51
DA:16,867
DA:17,243
DA:25,16
DA:28,16
DA:31,12
DA:35,12
DA:36,12
DA:37,8
DA:43,16
DA:46,16
DA:50,16
DA:51,16
DA:54,13
DA:58,13
DA:59,13
DA:62,7
DA:66,7
DA:71,7
DA:73,4
DA:86,32
DA:88,32
DA:91,32
DA:97,32
DA:98,32
DA:101,24
DA:105,24
DA:106,24
DA:109,8
DA:115,8
DA:120,8
DA:123,8
DA:130,8
DA:131,0
DA:133,8
DA:138,8
DA:140,8
DA:144,32
DA:152,16
DA:159,2
DA:160,2
DA:161,2
DA:163,2
DA:169,2
DA:170,8
DA:174,4
DA:178,2
DA:196,2
DA:197,8
DA:201,4
DA:205,2
DA:211,2
DA:212,8
DA:216,0
LF:63
LH:61
BRDA:16,0,0,243
BRDA:28,1,0,4
BRDA:36,2,0,4
BRDA:51,3,0,3
BRDA:59,4,0,6
BRDA:71,5,0,3
BRDA:88,6,0,0
BRDA:92,7,0,16
BRDA:92,7,1,16
BRDA:95,8,0,16
BRDA:95,8,1,16
BRDA:98,9,0,8
BRDA:102,10,0,8
BRDA:102,10,1,16
BRDA:103,11,0,8
BRDA:103,11,1,16
BRDA:106,12,0,16
BRDA:110,13,0,0
BRDA:110,13,1,8
BRDA:113,14,0,0
BRDA:113,14,1,8
BRDA:120,15,0,0
BRDA:124,16,0,0
BRDA:124,16,1,8
BRDA:127,17,0,0
BRDA:127,17,1,8
BRDA:130,18,0,0
BRDA:138,19,0,0
BRDA:145,20,0,32
BRDA:145,20,1,32
BRDA:145,20,2,32
BRDA:145,20,3,32
BRDA:153,21,0,16
BRDA:153,21,1,16
BRDA:170,22,0,4
BRDA:171,23,0,8
BRDA:171,23,1,8
BRDA:197,24,0,4
BRDA:198,25,0,8
BRDA:198,25,1,8
BRDA:212,26,0,0
BRDA:213,27,0,8
BRDA:213,27,1,8
BRF:43
BRH:34
end_of_record
TN:
SF:src\PlayerMoveCalculator\types.ts
FNF:0
FNH:0
DA:1,2
DA:3,2
LF:2
LH:2
BRF:0
BRH:0
end_of_record
TN:
SF:src\StateHandler\stateHandler.ts
FN:9,(anonymous_2)
FN:14,(anonymous_3)
FN:18,(anonymous_4)
FN:22,(anonymous_5)
FN:26,(anonymous_6)
FN:30,(anonymous_7)
FNF:6
FNH:0
FNDA:0,(anonymous_2)
FNDA:0,(anonymous_3)
FNDA:0,(anonymous_4)
FNDA:0,(anonymous_5)
FNDA:0,(anonymous_6)
FNDA:0,(anonymous_7)
DA:1,2
DA:5,2
DA:10,0
DA:11,0
DA:15,0
DA:19,0
DA:23,0
DA:27,0
DA:31,0
LF:9
LH:2
BRF:0
BRH:0
end_of_record
TN:
SF:src\StateHandler\types.ts
FN:28,(anonymous_0)
FN:39,(anonymous_1)
FNF:2
FNH:2
FNDA:3,(anonymous_0)
FNDA:3,(anonymous_1)
DA:28,3
DA:29,3
DA:30,3
DA:39,3
DA:40,3
DA:41,3
LF:6
LH:6
BRDA:28,0,0,3
BRDA:28,0,1,3
BRDA:39,1,0,3
BRDA:39,1,1,3
BRF:4
BRH:4
end_of_record
TN:
SF:src\Websocket\types.ts
FN:1,(anonymous_0)
FNF:1
FNH:1
FNDA:1,(anonymous_0)
DA:1,1
DA:2,1
DA:3,1
DA:4,1
DA:5,1
DA:6,1
LF:6
LH:6
BRDA:1,0,0,1
BRDA:1,0,1,1
BRF:2
BRH:2
end_of_record
TN:
SF:src\Websocket\websocket.ts
FN:16,(anonymous_5)
FN:22,(anonymous_6)
FN:26,(anonymous_7)
FN:174,(anonymous_8)
FN:198,(anonymous_9)
FN:205,(anonymous_10)
FN:217,(anonymous_11)
FN:218,(anonymous_12)
FN:221,(anonymous_13)
FN:225,(anonymous_14)
FN:229,(anonymous_15)
FNF:11
FNH:8
FNDA:2,(anonymous_5)
FNDA:4,(anonymous_6)
FNDA:2,(anonymous_7)
FNDA:0,(anonymous_8)
FNDA:1,(anonymous_9)
FNDA:0,(anonymous_10)
FNDA:2,(anonymous_11)
FNDA:2,(anonymous_12)
FNDA:2,(anonymous_13)
FNDA:0,(anonymous_14)
FNDA:1,(anonymous_15)
DA:1,1
DA:3,1
DA:4,1
DA:5,1
DA:6,1
DA:7,1
DA:8,1
DA:9,1
DA:10,1
DA:11,1
DA:12,1
DA:15,1
DA:17,2
DA:18,2
DA:19,2
DA:23,4
DA:27,2
DA:28,2
DA:30,2
DA:32,2
DA:33,2
DA:36,2
DA:38,2
DA:39,2
DA:40,2
DA:41,2
DA:44,0
DA:45,0
DA:47,0
DA:48,0
DA:51,0
DA:54,0
DA:57,0
DA:60,0
DA:61,0
DA:62,0
DA:65,0
DA:67,0
DA:68,0
DA:70,0
DA:71,0
DA:72,0
DA:74,0
DA:75,0
DA:77,0
DA:88,0
DA:92,0
DA:93,0
DA:94,0
DA:96,0
DA:97,0
DA:100,0
DA:101,0
DA:102,0
DA:104,0
DA:105,0
DA:108,0
DA:109,0
DA:111,0
DA:112,0
DA:113,0
DA:118,0
DA:123,0
DA:126,0
DA:129,0
DA:130,0
DA:131,0
DA:135,0
DA:138,0
DA:139,0
DA:140,0
DA:144,0
DA:145,0
DA:148,0
DA:149,0
DA:151,0
DA:158,0
DA:162,0
DA:163,0
DA:164,0
DA:165,0
DA:167,0
DA:169,0
DA:172,0
DA:174,0
DA:175,0
DA:177,0
DA:179,0
DA:180,0
DA:182,0
DA:183,0
DA:184,0
DA:189,0
DA:193,0
DA:199,1
DA:200,1
DA:201,1
DA:202,1
DA:205,0
DA:206,0
DA:207,0
DA:208,0
DA:212,0
DA:214,0
DA:218,2
DA:219,2
DA:221,2
DA:222,2
DA:225,2
DA:226,0
DA:229,2
DA:230,1
DA:231,1
LF:113
LH:38
BRDA:30,0,0,2
BRDA:30,0,1,0
BRDA:30,0,2,0
BRDA:30,0,3,0
BRDA:30,0,4,0
BRDA:39,1,0,2
BRDA:45,2,0,0
BRDA:51,3,0,0
BRDA:51,3,1,0
BRDA:61,4,0,0
BRDA:71,5,0,0
BRDA:96,6,0,0
BRDA:104,7,0,0
BRDA:129,8,0,0
BRDA:138,9,0,0
BRDA:167,10,0,0
BRDA:201,11,0,1
BRDA:201,12,0,1
BRDA:201,12,1,1
BRF:19
BRH:5
end_of_record
TN:
SF:src\ioc\types.ts
FNF:0
FNH:0
DA:1,2
DA:8,2
LF:2
LH:2
BRF:0
BRH:0
end_of_record
TN:
SF:src\tests\testHelper.ts
FN:10,(anonymous_8)
FN:36,(anonymous_9)
FN:36,(anonymous_10)
FN:44,(anonymous_11)
FN:45,(anonymous_12)
FN:51,(anonymous_13)
FN:60,(anonymous_14)
FN:72,(anonymous_15)
FN:75,(anonymous_16)
FNF:9
FNH:9
FNDA:1,(anonymous_8)
FNDA:27,(anonymous_9)
FNDA:27,(anonymous_10)
FNDA:27,(anonymous_11)
FNDA:27,(anonymous_12)
FNDA:810,(anonymous_13)
FNDA:27,(anonymous_14)
FNDA:459,(anonymous_15)
FNDA:7803,(anonymous_16)
DA:1,2
DA:2,2
DA:3,2
DA:4,2
DA:5,2
DA:7,2
DA:8,2
DA:10,2
DA:11,1
DA:23,1
DA:24,1
DA:25,1
DA:26,1
DA:27,1
DA:29,1
DA:36,27
DA:38,27
DA:39,27
DA:44,27
DA:45,27
DA:46,27
DA:47,27
DA:48,27
DA:51,27
DA:52,810
DA:53,459
DA:54,459
DA:56,810
DA:60,27
DA:61,27
DA:62,27
DA:67,27
DA:69,27
DA:72,2
DA:73,459
DA:74,459
DA:75,459
DA:77,7803
DA:80,3819
DA:86,3819
DA:89,2121
DA:90,2121
DA:93,27
DA:98,27
DA:101,39
DA:106,39
DA:109,69
DA:115,69
DA:119,1728
DA:125,1728
DA:128,7803
DA:131,459
LF:52
LH:52
BRDA:52,0,0,459
BRDA:53,1,0,243
BRDA:53,1,1,216
BRDA:77,2,0,1921
BRDA:77,2,1,3819
BRDA:77,2,2,2121
BRDA:77,2,3,27
BRDA:77,2,4,39
BRDA:77,2,5,69
BRDA:77,2,6,1728
BRDA:77,2,7,1728
BRF:11
BRH:11
end_of_record
